<?xml version="1.0" encoding="utf-8" standalone="no"?>
<!--This file represents the results of running a test suite-->
<test-results name="D:\Praktek SMT 3\PemroLanjut\praktikum5\02 tugas\TugasLibraryUnitTest\bin\Debug\TugasLibraryUnitTest.dll" total="1" errors="0" failures="0" not-run="0" inconclusive="0" ignored="0" skipped="0" invalid="0" date="2021-10-28" time="09:40:04">
  <environment nunit-version="2.6.4.14350" clr-version="2.0.50727.9151" os-version="Microsoft Windows NT 6.2.9200.0" platform="Win32NT" cwd="C:\tools-testing" machine-name="DESKTOP-N9DJITP" user="Lenovo" user-domain="DESKTOP-N9DJITP" />
  <culture-info current-culture="en-US" current-uiculture="en-US" />
  <test-suite type="Assembly" name="D:\Praktek SMT 3\PemroLanjut\praktikum5\02 tugas\TugasLibraryUnitTest\bin\Debug\TugasLibraryUnitTest.dll" executed="True" result="Success" success="True" time="0.009" asserts="0">
    <results>
      <test-suite type="Namespace" name="TugasLibraryUnitTest" executed="True" result="Success" success="True" time="0.009" asserts="0">
        <results>
          <test-suite type="TestFixture" name="DayTest" executed="True" result="Inconclusive" success="False" time="0.000" asserts="0" />
          <test-suite type="TestFixture" name="UserTest" executed="True" result="Success" success="True" time="0.002" asserts="0">
            <results>
              <test-case name="TugasLibraryUnitTest.UserTest.IsValidUserTest" executed="True" result="Success" success="True" time="0.000" asserts="1" />
            </results>
          </test-suite>
        </results>
      </test-suite>
    </results>
  </test-suite>
</test-results>